2023/08/17 21:02:13 [error] [exception.CHttpException.404] CHttpException: Unable to resolve the request "dashboard/home". in C:\xampp\yii\framework\web\CWebApplication.php:286
Stack trace:
#0 C:\xampp\yii\framework\web\CWebApplication.php(141): CWebApplication->runController('dashboard/home')
#1 C:\xampp\yii\framework\base\CApplication.php(185): CWebApplication->processRequest()
#2 C:\xampp\htdocs\TestInovaMedika\index.php(13): CApplication->run()
#3 {main}
REQUEST_URI=/TestInovaMedika/dashboard/home
---
2023/08/17 21:23:18 [error] [exception.CHttpException.404] CHttpException: Unable to resolve the request "gii". in C:\xampp\yii\framework\web\CWebApplication.php:286
Stack trace:
#0 C:\xampp\yii\framework\web\CWebApplication.php(141): CWebApplication->runController('gii')
#1 C:\xampp\yii\framework\base\CApplication.php(185): CWebApplication->processRequest()
#2 C:\xampp\htdocs\TestInovaMedika\index.php(13): CApplication->run()
#3 {main}
REQUEST_URI=/TestInovaMedika/gii
---
2023/08/18 08:17:29 [error] [exception.CDbException] CDbException: CDbConnection failed to open the DB connection: SQLSTATE[HY000] [1045] Access denied for user 'admin'@'localhost' (using password: YES) in C:\xampp\yii\framework\db\CDbConnection.php:399
Stack trace:
#0 C:\xampp\yii\framework\db\CDbConnection.php(347): CDbConnection->open()
#1 C:\xampp\yii\framework\db\CDbConnection.php(325): CDbConnection->setActive(true)
#2 C:\xampp\yii\framework\base\CModule.php(394): CDbConnection->init()
#3 C:\xampp\yii\framework\base\CApplication.php(459): CModule->getComponent('db')
#4 C:\xampp\yii\framework\db\ar\CActiveRecord.php(639): CApplication->getDb()
#5 C:\xampp\yii\framework\db\ar\CActiveRecord.php(672): CActiveRecord->getDbConnection()
#6 C:\xampp\yii\framework\db\ar\CActiveRecord.php(1604): CActiveRecord->getCommandBuilder()
#7 C:\xampp\yii\framework\web\CActiveDataProvider.php(228): CActiveRecord->count(Object(CDbCriteria))
#8 C:\xampp\yii\framework\web\CDataProvider.php(224): CActiveDataProvider->calculateTotalItemCount()
#9 C:\xampp\yii\framework\web\CActiveDataProvider.php(178): CDataProvider->getTotalItemCount()
#10 C:\xampp\yii\framework\web\CDataProvider.php(168): CActiveDataProvider->fetchData()
#11 C:\xampp\yii\framework\zii\widgets\CBaseListView.php(125): CDataProvider->getData()
#12 C:\xampp\yii\framework\zii\widgets\CListView.php(211): CBaseListView->init()
#13 C:\xampp\yii\framework\web\CBaseController.php(147): CListView->init()
#14 C:\xampp\yii\framework\web\CBaseController.php(181): CBaseController->createWidget('zii.widgets.CLi...', Array)
#15 C:\xampp\htdocs\TestInovaMedika\protected\views\user\index.php(17): CBaseController->widget('zii.widgets.CLi...', Array)
#16 C:\xampp\yii\framework\web\CBaseController.php(126): require('C:\\xampp\\htdocs...')
#17 C:\xampp\yii\framework\web\CBaseController.php(95): CBaseController->renderInternal('C:\\xampp\\htdocs...', Array, true)
#18 C:\xampp\yii\framework\web\CController.php(872): CBaseController->renderFile('C:\\xampp\\htdocs...', Array, true)
#19 C:\xampp\yii\framework\web\CController.php(785): CController->renderPartial('index', Array, true)
#20 C:\xampp\htdocs\TestInovaMedika\protected\controllers\UserController.php(126): CController->render('index', Array)
#21 C:\xampp\yii\framework\web\actions\CInlineAction.php(49): UserController->actionIndex()
#22 C:\xampp\yii\framework\web\CController.php(308): CInlineAction->runWithParams(Array)
#23 C:\xampp\yii\framework\web\filters\CFilterChain.php(134): CController->runAction(Object(CInlineAction))
#24 C:\xampp\yii\framework\web\filters\CFilter.php(40): CFilterChain->run()
#25 C:\xampp\yii\framework\web\CController.php(1148): CFilter->filter(Object(CFilterChain))
#26 C:\xampp\yii\framework\web\filters\CInlineFilter.php(58): CController->filterAccessControl(Object(CFilterChain))
#27 C:\xampp\yii\framework\web\filters\CFilterChain.php(131): CInlineFilter->filter(Object(CFilterChain))
#28 C:\xampp\yii\framework\web\CController.php(291): CFilterChain->run()
#29 C:\xampp\yii\framework\web\CController.php(265): CController->runActionWithFilters(Object(CInlineAction), Array)
#30 C:\xampp\yii\framework\web\CWebApplication.php(282): CController->run('')
#31 C:\xampp\yii\framework\web\CWebApplication.php(141): CWebApplication->runController('user')
#32 C:\xampp\yii\framework\base\CApplication.php(185): CWebApplication->processRequest()
#33 C:\xampp\htdocs\TestInovaMedika\index.php(13): CApplication->run()
#34 {main}
REQUEST_URI=/TestInovaMedika/user
---
2023/08/18 08:18:00 [error] [exception.CDbException] CDbException: CDbConnection failed to open the DB connection: SQLSTATE[HY000] [1045] Access denied for user 'admin'@'localhost' (using password: YES) in C:\xampp\yii\framework\db\CDbConnection.php:399
Stack trace:
#0 C:\xampp\yii\framework\db\CDbConnection.php(347): CDbConnection->open()
#1 C:\xampp\yii\framework\db\CDbConnection.php(325): CDbConnection->setActive(true)
#2 C:\xampp\yii\framework\base\CModule.php(394): CDbConnection->init()
#3 C:\xampp\yii\framework\base\CApplication.php(459): CModule->getComponent('db')
#4 C:\xampp\yii\framework\db\ar\CActiveRecord.php(639): CApplication->getDb()
#5 C:\xampp\yii\framework\db\ar\CActiveRecord.php(672): CActiveRecord->getDbConnection()
#6 C:\xampp\yii\framework\db\ar\CActiveRecord.php(1604): CActiveRecord->getCommandBuilder()
#7 C:\xampp\yii\framework\web\CActiveDataProvider.php(228): CActiveRecord->count(Object(CDbCriteria))
#8 C:\xampp\yii\framework\web\CDataProvider.php(224): CActiveDataProvider->calculateTotalItemCount()
#9 C:\xampp\yii\framework\web\CActiveDataProvider.php(178): CDataProvider->getTotalItemCount()
#10 C:\xampp\yii\framework\web\CDataProvider.php(168): CActiveDataProvider->fetchData()
#11 C:\xampp\yii\framework\zii\widgets\CBaseListView.php(125): CDataProvider->getData()
#12 C:\xampp\yii\framework\zii\widgets\CListView.php(211): CBaseListView->init()
#13 C:\xampp\yii\framework\web\CBaseController.php(147): CListView->init()
#14 C:\xampp\yii\framework\web\CBaseController.php(181): CBaseController->createWidget('zii.widgets.CLi...', Array)
#15 C:\xampp\htdocs\TestInovaMedika\protected\views\user\index.php(17): CBaseController->widget('zii.widgets.CLi...', Array)
#16 C:\xampp\yii\framework\web\CBaseController.php(126): require('C:\\xampp\\htdocs...')
#17 C:\xampp\yii\framework\web\CBaseController.php(95): CBaseController->renderInternal('C:\\xampp\\htdocs...', Array, true)
#18 C:\xampp\yii\framework\web\CController.php(872): CBaseController->renderFile('C:\\xampp\\htdocs...', Array, true)
#19 C:\xampp\yii\framework\web\CController.php(785): CController->renderPartial('index', Array, true)
#20 C:\xampp\htdocs\TestInovaMedika\protected\controllers\UserController.php(126): CController->render('index', Array)
#21 C:\xampp\yii\framework\web\actions\CInlineAction.php(49): UserController->actionIndex()
#22 C:\xampp\yii\framework\web\CController.php(308): CInlineAction->runWithParams(Array)
#23 C:\xampp\yii\framework\web\filters\CFilterChain.php(134): CController->runAction(Object(CInlineAction))
#24 C:\xampp\yii\framework\web\filters\CFilter.php(40): CFilterChain->run()
#25 C:\xampp\yii\framework\web\CController.php(1148): CFilter->filter(Object(CFilterChain))
#26 C:\xampp\yii\framework\web\filters\CInlineFilter.php(58): CController->filterAccessControl(Object(CFilterChain))
#27 C:\xampp\yii\framework\web\filters\CFilterChain.php(131): CInlineFilter->filter(Object(CFilterChain))
#28 C:\xampp\yii\framework\web\CController.php(291): CFilterChain->run()
#29 C:\xampp\yii\framework\web\CController.php(265): CController->runActionWithFilters(Object(CInlineAction), Array)
#30 C:\xampp\yii\framework\web\CWebApplication.php(282): CController->run('')
#31 C:\xampp\yii\framework\web\CWebApplication.php(141): CWebApplication->runController('user')
#32 C:\xampp\yii\framework\base\CApplication.php(185): CWebApplication->processRequest()
#33 C:\xampp\htdocs\TestInovaMedika\index.php(13): CApplication->run()
#34 {main}
REQUEST_URI=/TestInovaMedika/user
---
2023/08/18 08:18:15 [error] [exception.CDbException] CDbException: CDbConnection failed to open the DB connection: SQLSTATE[HY000] [1045] Access denied for user 'admin'@'localhost' (using password: YES) in C:\xampp\yii\framework\db\CDbConnection.php:399
Stack trace:
#0 C:\xampp\yii\framework\db\CDbConnection.php(347): CDbConnection->open()
#1 C:\xampp\yii\framework\db\CDbConnection.php(325): CDbConnection->setActive(true)
#2 C:\xampp\yii\framework\base\CModule.php(394): CDbConnection->init()
#3 C:\xampp\yii\framework\base\CModule.php(103): CModule->getComponent('db')
#4 C:\xampp\yii\framework\gii\generators\model\ModelCode.php(60): CModule->__get('db')
#5 C:\xampp\yii\framework\web\CFormModel.php(39): ModelCode->init()
#6 C:\xampp\yii\framework\gii\CCodeGenerator.php(153): CFormModel->__construct()
#7 C:\xampp\yii\framework\gii\CCodeGenerator.php(63): CCodeGenerator->prepare()
#8 C:\xampp\yii\framework\web\actions\CInlineAction.php(49): CCodeGenerator->actionIndex()
#9 C:\xampp\yii\framework\web\CController.php(308): CInlineAction->runWithParams(Array)
#10 C:\xampp\yii\framework\web\CController.php(286): CController->runAction(Object(CInlineAction))
#11 C:\xampp\yii\framework\web\CController.php(265): CController->runActionWithFilters(Object(CInlineAction), Array)
#12 C:\xampp\yii\framework\web\CWebApplication.php(282): CController->run('index')
#13 C:\xampp\yii\framework\web\CWebApplication.php(141): CWebApplication->runController('gii/model/index')
#14 C:\xampp\yii\framework\base\CApplication.php(185): CWebApplication->processRequest()
#15 C:\xampp\htdocs\TestInovaMedika\index.php(13): CApplication->run()
#16 {main}
REQUEST_URI=/TestInovaMedika/index.php/gii/model/index
HTTP_REFERER=http://localhost/TestInovaMedika/index.php/gii/default/index
---
2023/08/18 08:18:18 [error] [exception.CDbException] CDbException: CDbConnection failed to open the DB connection: SQLSTATE[HY000] [1045] Access denied for user 'admin'@'localhost' (using password: YES) in C:\xampp\yii\framework\db\CDbConnection.php:399
Stack trace:
#0 C:\xampp\yii\framework\db\CDbConnection.php(347): CDbConnection->open()
#1 C:\xampp\yii\framework\db\CDbConnection.php(325): CDbConnection->setActive(true)
#2 C:\xampp\yii\framework\base\CModule.php(394): CDbConnection->init()
#3 C:\xampp\yii\framework\base\CModule.php(103): CModule->getComponent('db')
#4 C:\xampp\yii\framework\gii\generators\model\ModelCode.php(60): CModule->__get('db')
#5 C:\xampp\yii\framework\web\CFormModel.php(39): ModelCode->init()
#6 C:\xampp\yii\framework\gii\CCodeGenerator.php(153): CFormModel->__construct()
#7 C:\xampp\yii\framework\gii\CCodeGenerator.php(63): CCodeGenerator->prepare()
#8 C:\xampp\yii\framework\web\actions\CInlineAction.php(49): CCodeGenerator->actionIndex()
#9 C:\xampp\yii\framework\web\CController.php(308): CInlineAction->runWithParams(Array)
#10 C:\xampp\yii\framework\web\CController.php(286): CController->runAction(Object(CInlineAction))
#11 C:\xampp\yii\framework\web\CController.php(265): CController->runActionWithFilters(Object(CInlineAction), Array)
#12 C:\xampp\yii\framework\web\CWebApplication.php(282): CController->run('index')
#13 C:\xampp\yii\framework\web\CWebApplication.php(141): CWebApplication->runController('gii/model/index')
#14 C:\xampp\yii\framework\base\CApplication.php(185): CWebApplication->processRequest()
#15 C:\xampp\htdocs\TestInovaMedika\index.php(13): CApplication->run()
#16 {main}
REQUEST_URI=/TestInovaMedika/index.php/gii/model/index
HTTP_REFERER=http://localhost/TestInovaMedika/index.php/gii/default/index
---
2023/08/18 09:21:18 [error] [exception.CHttpException.404] CHttpException: Unable to resolve the request "dashboard ". in C:\xampp\yii\framework\web\CWebApplication.php:286
Stack trace:
#0 C:\xampp\yii\framework\web\CWebApplication.php(141): CWebApplication->runController('')
#1 C:\xampp\yii\framework\base\CApplication.php(185): CWebApplication->processRequest()
#2 C:\xampp\htdocs\TestInovaMedika\index.php(13): CApplication->run()
#3 {main}
REQUEST_URI=/TestInovaMedika/
---
2023/08/18 09:49:58 [error] [exception.CException] CException: Property "SiteController.pageCaption" is not defined. in C:\xampp\yii\framework\base\CComponent.php:173
Stack trace:
#0 C:\xampp\htdocs\TestInovaMedika\themes\bootstrap\views\site\index.php(2): CComponent->__set('pageCaption', '')
#1 C:\xampp\yii\framework\web\CBaseController.php(126): require('C:\\xampp\\htdocs...')
#2 C:\xampp\yii\framework\web\CBaseController.php(95): CBaseController->renderInternal('C:\\xampp\\htdocs...', NULL, true)
#3 C:\xampp\yii\framework\web\CController.php(872): CBaseController->renderFile('C:\\xampp\\htdocs...', NULL, true)
#4 C:\xampp\yii\framework\web\CController.php(785): CController->renderPartial('index', NULL, true)
#5 C:\xampp\htdocs\TestInovaMedika\protected\controllers\SiteController.php(32): CController->render('index')
#6 C:\xampp\yii\framework\web\actions\CInlineAction.php(49): SiteController->actionIndex()
#7 C:\xampp\yii\framework\web\CController.php(308): CInlineAction->runWithParams(Array)
#8 C:\xampp\yii\framework\web\CController.php(286): CController->runAction(Object(CInlineAction))
#9 C:\xampp\yii\framework\web\CController.php(265): CController->runActionWithFilters(Object(CInlineAction), Array)
#10 C:\xampp\yii\framework\web\CWebApplication.php(282): CController->run('')
#11 C:\xampp\yii\framework\web\CWebApplication.php(141): CWebApplication->runController('site')
#12 C:\xampp\yii\framework\base\CApplication.php(185): CWebApplication->processRequest()
#13 C:\xampp\htdocs\TestInovaMedika\index.php(13): CApplication->run()
#14 {main}
REQUEST_URI=/TestInovaMedika/site
---
2023/08/18 09:50:07 [error] [exception.CException] CException: Property "ObatController.pageCaption" is not defined. in C:\xampp\yii\framework\base\CComponent.php:130
Stack trace:
#0 C:\xampp\htdocs\TestInovaMedika\themes\bootstrap\views\layouts\column2.php(4): CComponent->__get('pageCaption')
#1 C:\xampp\yii\framework\web\CBaseController.php(126): require('C:\\xampp\\htdocs...')
#2 C:\xampp\yii\framework\web\CBaseController.php(95): CBaseController->renderInternal('C:\\xampp\\htdocs...', Array, true)
#3 C:\xampp\yii\framework\web\CController.php(787): CBaseController->renderFile('C:\\xampp\\htdocs...', Array, true)
#4 C:\xampp\htdocs\TestInovaMedika\protected\controllers\ObatController.php(126): CController->render('index', Array)
#5 C:\xampp\yii\framework\web\actions\CInlineAction.php(49): ObatController->actionIndex()
#6 C:\xampp\yii\framework\web\CController.php(308): CInlineAction->runWithParams(Array)
#7 C:\xampp\yii\framework\web\filters\CFilterChain.php(134): CController->runAction(Object(CInlineAction))
#8 C:\xampp\yii\framework\web\filters\CFilter.php(40): CFilterChain->run()
#9 C:\xampp\yii\framework\web\CController.php(1148): CFilter->filter(Object(CFilterChain))
#10 C:\xampp\yii\framework\web\filters\CInlineFilter.php(58): CController->filterAccessControl(Object(CFilterChain))
#11 C:\xampp\yii\framework\web\filters\CFilterChain.php(131): CInlineFilter->filter(Object(CFilterChain))
#12 C:\xampp\yii\framework\web\CController.php(291): CFilterChain->run()
#13 C:\xampp\yii\framework\web\CController.php(265): CController->runActionWithFilters(Object(CInlineAction), Array)
#14 C:\xampp\yii\framework\web\CWebApplication.php(282): CController->run('')
#15 C:\xampp\yii\framework\web\CWebApplication.php(141): CWebApplication->runController('obat')
#16 C:\xampp\yii\framework\base\CApplication.php(185): CWebApplication->processRequest()
#17 C:\xampp\htdocs\TestInovaMedika\index.php(13): CApplication->run()
#18 {main}
REQUEST_URI=/TestInovaMedika/obat
---
2023/08/18 09:51:18 [error] [exception.CException] CException: Property "ObatController.pageCaption" is not defined. in C:\xampp\yii\framework\base\CComponent.php:130
Stack trace:
#0 C:\xampp\htdocs\TestInovaMedika\themes\bootstrap\views\layouts\column2.php(4): CComponent->__get('pageCaption')
#1 C:\xampp\yii\framework\web\CBaseController.php(126): require('C:\\xampp\\htdocs...')
#2 C:\xampp\yii\framework\web\CBaseController.php(95): CBaseController->renderInternal('C:\\xampp\\htdocs...', Array, true)
#3 C:\xampp\yii\framework\web\CController.php(787): CBaseController->renderFile('C:\\xampp\\htdocs...', Array, true)
#4 C:\xampp\htdocs\TestInovaMedika\protected\controllers\ObatController.php(126): CController->render('index', Array)
#5 C:\xampp\yii\framework\web\actions\CInlineAction.php(49): ObatController->actionIndex()
#6 C:\xampp\yii\framework\web\CController.php(308): CInlineAction->runWithParams(Array)
#7 C:\xampp\yii\framework\web\filters\CFilterChain.php(134): CController->runAction(Object(CInlineAction))
#8 C:\xampp\yii\framework\web\filters\CFilter.php(40): CFilterChain->run()
#9 C:\xampp\yii\framework\web\CController.php(1148): CFilter->filter(Object(CFilterChain))
#10 C:\xampp\yii\framework\web\filters\CInlineFilter.php(58): CController->filterAccessControl(Object(CFilterChain))
#11 C:\xampp\yii\framework\web\filters\CFilterChain.php(131): CInlineFilter->filter(Object(CFilterChain))
#12 C:\xampp\yii\framework\web\CController.php(291): CFilterChain->run()
#13 C:\xampp\yii\framework\web\CController.php(265): CController->runActionWithFilters(Object(CInlineAction), Array)
#14 C:\xampp\yii\framework\web\CWebApplication.php(282): CController->run('')
#15 C:\xampp\yii\framework\web\CWebApplication.php(141): CWebApplication->runController('obat')
#16 C:\xampp\yii\framework\base\CApplication.php(185): CWebApplication->processRequest()
#17 C:\xampp\htdocs\TestInovaMedika\index.php(13): CApplication->run()
#18 {main}
REQUEST_URI=/TestInovaMedika/obat
---
2023/08/18 09:51:19 [error] [exception.CException] CException: Property "ObatController.pageCaption" is not defined. in C:\xampp\yii\framework\base\CComponent.php:130
Stack trace:
#0 C:\xampp\htdocs\TestInovaMedika\themes\bootstrap\views\layouts\column2.php(4): CComponent->__get('pageCaption')
#1 C:\xampp\yii\framework\web\CBaseController.php(126): require('C:\\xampp\\htdocs...')
#2 C:\xampp\yii\framework\web\CBaseController.php(95): CBaseController->renderInternal('C:\\xampp\\htdocs...', Array, true)
#3 C:\xampp\yii\framework\web\CController.php(787): CBaseController->renderFile('C:\\xampp\\htdocs...', Array, true)
#4 C:\xampp\htdocs\TestInovaMedika\protected\controllers\ObatController.php(77): CController->render('create', Array)
#5 C:\xampp\yii\framework\web\actions\CInlineAction.php(49): ObatController->actionCreate()
#6 C:\xampp\yii\framework\web\CController.php(308): CInlineAction->runWithParams(Array)
#7 C:\xampp\yii\framework\web\filters\CFilterChain.php(134): CController->runAction(Object(CInlineAction))
#8 C:\xampp\yii\framework\web\filters\CFilter.php(40): CFilterChain->run()
#9 C:\xampp\yii\framework\web\CController.php(1148): CFilter->filter(Object(CFilterChain))
#10 C:\xampp\yii\framework\web\filters\CInlineFilter.php(58): CController->filterAccessControl(Object(CFilterChain))
#11 C:\xampp\yii\framework\web\filters\CFilterChain.php(131): CInlineFilter->filter(Object(CFilterChain))
#12 C:\xampp\yii\framework\web\CController.php(291): CFilterChain->run()
#13 C:\xampp\yii\framework\web\CController.php(265): CController->runActionWithFilters(Object(CInlineAction), Array)
#14 C:\xampp\yii\framework\web\CWebApplication.php(282): CController->run('create')
#15 C:\xampp\yii\framework\web\CWebApplication.php(141): CWebApplication->runController('obat/create')
#16 C:\xampp\yii\framework\base\CApplication.php(185): CWebApplication->processRequest()
#17 C:\xampp\htdocs\TestInovaMedika\index.php(13): CApplication->run()
#18 {main}
REQUEST_URI=/TestInovaMedika/index.php/obat/create
HTTP_REFERER=http://localhost/TestInovaMedika/obat
---
2023/08/18 09:51:34 [error] [exception.CException] CException: Property "SiteController.pageCaption" is not defined. in C:\xampp\yii\framework\base\CComponent.php:173
Stack trace:
#0 C:\xampp\htdocs\TestInovaMedika\themes\bootstrap\views\site\index.php(2): CComponent->__set('pageCaption', '')
#1 C:\xampp\yii\framework\web\CBaseController.php(126): require('C:\\xampp\\htdocs...')
#2 C:\xampp\yii\framework\web\CBaseController.php(95): CBaseController->renderInternal('C:\\xampp\\htdocs...', NULL, true)
#3 C:\xampp\yii\framework\web\CController.php(872): CBaseController->renderFile('C:\\xampp\\htdocs...', NULL, true)
#4 C:\xampp\yii\framework\web\CController.php(785): CController->renderPartial('index', NULL, true)
#5 C:\xampp\htdocs\TestInovaMedika\protected\controllers\SiteController.php(32): CController->render('index')
#6 C:\xampp\yii\framework\web\actions\CInlineAction.php(49): SiteController->actionIndex()
#7 C:\xampp\yii\framework\web\CController.php(308): CInlineAction->runWithParams(Array)
#8 C:\xampp\yii\framework\web\CController.php(286): CController->runAction(Object(CInlineAction))
#9 C:\xampp\yii\framework\web\CController.php(265): CController->runActionWithFilters(Object(CInlineAction), Array)
#10 C:\xampp\yii\framework\web\CWebApplication.php(282): CController->run('')
#11 C:\xampp\yii\framework\web\CWebApplication.php(141): CWebApplication->runController('')
#12 C:\xampp\yii\framework\base\CApplication.php(185): CWebApplication->processRequest()
#13 C:\xampp\htdocs\TestInovaMedika\index.php(13): CApplication->run()
#14 {main}
REQUEST_URI=/TestInovaMedika/
---
2023/08/18 09:52:08 [error] [exception.CHttpException.404] CHttpException: Unable to resolve the request "images/favicon.ico". in C:\xampp\yii\framework\web\CWebApplication.php:286
Stack trace:
#0 C:\xampp\yii\framework\web\CWebApplication.php(141): CWebApplication->runController('images/favicon....')
#1 C:\xampp\yii\framework\base\CApplication.php(185): CWebApplication->processRequest()
#2 C:\xampp\htdocs\TestInovaMedika\index.php(13): CApplication->run()
#3 {main}
REQUEST_URI=/TestInovaMedika/images/favicon.ico
HTTP_REFERER=http://localhost/TestInovaMedika/
---
2023/08/18 09:55:54 [error] [exception.CHttpException.404] CHttpException: Unable to resolve the request "images/favicon.ico". in C:\xampp\yii\framework\web\CWebApplication.php:286
Stack trace:
#0 C:\xampp\yii\framework\web\CWebApplication.php(141): CWebApplication->runController('images/favicon....')
#1 C:\xampp\yii\framework\base\CApplication.php(185): CWebApplication->processRequest()
#2 C:\xampp\htdocs\TestInovaMedika\index.php(13): CApplication->run()
#3 {main}
REQUEST_URI=/TestInovaMedika/images/favicon.ico
HTTP_REFERER=http://localhost/TestInovaMedika/index.php/site/index
---
2023/08/18 09:55:55 [error] [exception.CHttpException.404] CHttpException: Unable to resolve the request "images/favicon.ico". in C:\xampp\yii\framework\web\CWebApplication.php:286
Stack trace:
#0 C:\xampp\yii\framework\web\CWebApplication.php(141): CWebApplication->runController('images/favicon....')
#1 C:\xampp\yii\framework\base\CApplication.php(185): CWebApplication->processRequest()
#2 C:\xampp\htdocs\TestInovaMedika\index.php(13): CApplication->run()
#3 {main}
REQUEST_URI=/TestInovaMedika/images/favicon.ico
HTTP_REFERER=http://localhost/TestInovaMedika/index.php/site/index
---
2023/08/18 09:58:26 [error] [exception.CHttpException.404] CHttpException: Unable to resolve the request "images/favicon.ico". in C:\xampp\yii\framework\web\CWebApplication.php:286
Stack trace:
#0 C:\xampp\yii\framework\web\CWebApplication.php(141): CWebApplication->runController('images/favicon....')
#1 C:\xampp\yii\framework\base\CApplication.php(185): CWebApplication->processRequest()
#2 C:\xampp\htdocs\TestInovaMedika\index.php(13): CApplication->run()
#3 {main}
REQUEST_URI=/TestInovaMedika/images/favicon.ico
HTTP_REFERER=http://localhost/TestInovaMedika/obat
---
2023/08/18 09:58:48 [error] [exception.CHttpException.404] CHttpException: Unable to resolve the request "images/favicon.ico". in C:\xampp\yii\framework\web\CWebApplication.php:286
Stack trace:
#0 C:\xampp\yii\framework\web\CWebApplication.php(141): CWebApplication->runController('images/favicon....')
#1 C:\xampp\yii\framework\base\CApplication.php(185): CWebApplication->processRequest()
#2 C:\xampp\htdocs\TestInovaMedika\index.php(13): CApplication->run()
#3 {main}
REQUEST_URI=/TestInovaMedika/images/favicon.ico
HTTP_REFERER=http://localhost/TestInovaMedika/obat
---
2023/08/18 09:58:50 [error] [exception.CHttpException.404] CHttpException: Unable to resolve the request "pasien". in C:\xampp\yii\framework\web\CWebApplication.php:286
Stack trace:
#0 C:\xampp\yii\framework\web\CWebApplication.php(141): CWebApplication->runController('pasien')
#1 C:\xampp\yii\framework\base\CApplication.php(185): CWebApplication->processRequest()
#2 C:\xampp\htdocs\TestInovaMedika\index.php(13): CApplication->run()
#3 {main}
REQUEST_URI=/TestInovaMedika/index.php/pasien
HTTP_REFERER=http://localhost/TestInovaMedika/obat
---
2023/08/18 09:59:07 [error] [exception.CHttpException.404] CHttpException: Unable to resolve the request "pasien". in C:\xampp\yii\framework\web\CWebApplication.php:286
Stack trace:
#0 C:\xampp\yii\framework\web\CWebApplication.php(141): CWebApplication->runController('pasien')
#1 C:\xampp\yii\framework\base\CApplication.php(185): CWebApplication->processRequest()
#2 C:\xampp\htdocs\TestInovaMedika\index.php(13): CApplication->run()
#3 {main}
REQUEST_URI=/TestInovaMedika/pasien
---
2023/08/18 09:59:24 [error] [exception.CHttpException.400] CHttpException: Your request is invalid. in C:\xampp\yii\framework\web\CController.php:337
Stack trace:
#0 C:\xampp\yii\framework\web\CController.php(309): CController->invalidActionParams(Object(CInlineAction))
#1 C:\xampp\yii\framework\web\filters\CFilterChain.php(134): CController->runAction(Object(CInlineAction))
#2 C:\xampp\yii\framework\web\filters\CFilter.php(40): CFilterChain->run()
#3 C:\xampp\yii\framework\web\CController.php(1148): CFilter->filter(Object(CFilterChain))
#4 C:\xampp\yii\framework\web\filters\CInlineFilter.php(58): CController->filterAccessControl(Object(CFilterChain))
#5 C:\xampp\yii\framework\web\filters\CFilterChain.php(131): CInlineFilter->filter(Object(CFilterChain))
#6 C:\xampp\yii\framework\web\CController.php(291): CFilterChain->run()
#7 C:\xampp\yii\framework\web\CController.php(265): CController->runActionWithFilters(Object(CInlineAction), Array)
#8 C:\xampp\yii\framework\web\CWebApplication.php(282): CController->run('view')
#9 C:\xampp\yii\framework\web\CWebApplication.php(141): CWebApplication->runController('obat/view/about')
#10 C:\xampp\yii\framework\base\CApplication.php(185): CWebApplication->processRequest()
#11 C:\xampp\htdocs\TestInovaMedika\index.php(13): CApplication->run()
#12 {main}
REQUEST_URI=/TestInovaMedika/index.php/obat/view/about
HTTP_REFERER=http://localhost/TestInovaMedika/obat
---
2023/08/18 09:59:37 [error] [exception.CHttpException.404] CHttpException: Unable to resolve the request "images/favicon.ico". in C:\xampp\yii\framework\web\CWebApplication.php:286
Stack trace:
#0 C:\xampp\yii\framework\web\CWebApplication.php(141): CWebApplication->runController('images/favicon....')
#1 C:\xampp\yii\framework\base\CApplication.php(185): CWebApplication->processRequest()
#2 C:\xampp\htdocs\TestInovaMedika\index.php(13): CApplication->run()
#3 {main}
REQUEST_URI=/TestInovaMedika/images/favicon.ico
HTTP_REFERER=http://localhost/TestInovaMedika/obat
---
2023/08/18 10:12:11 [error] [exception.CHttpException.404] CHttpException: Unable to resolve the request "images/favicon.ico". in C:\xampp\yii\framework\web\CWebApplication.php:286
Stack trace:
#0 C:\xampp\yii\framework\web\CWebApplication.php(141): CWebApplication->runController('images/favicon....')
#1 C:\xampp\yii\framework\base\CApplication.php(185): CWebApplication->processRequest()
#2 C:\xampp\htdocs\TestInovaMedika\index.php(13): CApplication->run()
#3 {main}
REQUEST_URI=/TestInovaMedika/images/favicon.ico
HTTP_REFERER=http://localhost/TestInovaMedika/index.php/site/login
---
2023/08/18 10:12:31 [error] [exception.CHttpException.404] CHttpException: Unable to resolve the request "images/favicon.ico". in C:\xampp\yii\framework\web\CWebApplication.php:286
Stack trace:
#0 C:\xampp\yii\framework\web\CWebApplication.php(141): CWebApplication->runController('images/favicon....')
#1 C:\xampp\yii\framework\base\CApplication.php(185): CWebApplication->processRequest()
#2 C:\xampp\htdocs\TestInovaMedika\index.php(13): CApplication->run()
#3 {main}
REQUEST_URI=/TestInovaMedika/images/favicon.ico
HTTP_REFERER=http://localhost/TestInovaMedika/index.php/site/login
---
2023/08/18 10:13:06 [error] [exception.CHttpException.404] CHttpException: Unable to resolve the request "images/favicon.ico". in C:\xampp\yii\framework\web\CWebApplication.php:286
Stack trace:
#0 C:\xampp\yii\framework\web\CWebApplication.php(141): CWebApplication->runController('images/favicon....')
#1 C:\xampp\yii\framework\base\CApplication.php(185): CWebApplication->processRequest()
#2 C:\xampp\htdocs\TestInovaMedika\index.php(13): CApplication->run()
#3 {main}
REQUEST_URI=/TestInovaMedika/images/favicon.ico
HTTP_REFERER=http://localhost/TestInovaMedika/site/login
---
2023/08/18 10:13:08 [error] [exception.CHttpException.404] CHttpException: Unable to resolve the request "images/favicon.ico". in C:\xampp\yii\framework\web\CWebApplication.php:286
Stack trace:
#0 C:\xampp\yii\framework\web\CWebApplication.php(141): CWebApplication->runController('images/favicon....')
#1 C:\xampp\yii\framework\base\CApplication.php(185): CWebApplication->processRequest()
#2 C:\xampp\htdocs\TestInovaMedika\index.php(13): CApplication->run()
#3 {main}
REQUEST_URI=/TestInovaMedika/images/favicon.ico
HTTP_REFERER=http://localhost/TestInovaMedika/site/login
---
2023/08/18 10:13:37 [error] [exception.CHttpException.404] CHttpException: Unable to resolve the request "images/favicon.ico". in C:\xampp\yii\framework\web\CWebApplication.php:286
Stack trace:
#0 C:\xampp\yii\framework\web\CWebApplication.php(141): CWebApplication->runController('images/favicon....')
#1 C:\xampp\yii\framework\base\CApplication.php(185): CWebApplication->processRequest()
#2 C:\xampp\htdocs\TestInovaMedika\index.php(13): CApplication->run()
#3 {main}
REQUEST_URI=/TestInovaMedika/images/favicon.ico
HTTP_REFERER=http://localhost/TestInovaMedika/site/login
---
2023/08/18 10:15:31 [error] [exception.CHttpException.404] CHttpException: Unable to resolve the request "images/favicon.ico". in C:\xampp\yii\framework\web\CWebApplication.php:286
Stack trace:
#0 C:\xampp\yii\framework\web\CWebApplication.php(141): CWebApplication->runController('images/favicon....')
#1 C:\xampp\yii\framework\base\CApplication.php(185): CWebApplication->processRequest()
#2 C:\xampp\htdocs\TestInovaMedika\index.php(13): CApplication->run()
#3 {main}
REQUEST_URI=/TestInovaMedika/images/favicon.ico
HTTP_REFERER=http://localhost/TestInovaMedika/site/login
---
2023/08/18 10:16:54 [error] [exception.CException] CException: SiteController contains improperly nested widget tags in its view "C:\xampp\htdocs\TestInovaMedika\themes\bootstrap\views/site\login.php". A CActiveForm widget does not have an endWidget() call. in C:\xampp\yii\framework\web\CBaseController.php:101
Stack trace:
#0 C:\xampp\yii\framework\web\CController.php(872): CBaseController->renderFile('C:\\xampp\\htdocs...', Array, true)
#1 C:\xampp\yii\framework\web\CController.php(785): CController->renderPartial('login', Array, true)
#2 C:\xampp\htdocs\TestInovaMedika\protected\controllers\SiteController.php(98): CController->render('login', Array)
#3 C:\xampp\yii\framework\web\actions\CInlineAction.php(49): SiteController->actionLogin()
#4 C:\xampp\yii\framework\web\CController.php(308): CInlineAction->runWithParams(Array)
#5 C:\xampp\yii\framework\web\CController.php(286): CController->runAction(Object(CInlineAction))
#6 C:\xampp\yii\framework\web\CController.php(265): CController->runActionWithFilters(Object(CInlineAction), Array)
#7 C:\xampp\yii\framework\web\CWebApplication.php(282): CController->run('login')
#8 C:\xampp\yii\framework\web\CWebApplication.php(141): CWebApplication->runController('site/login')
#9 C:\xampp\yii\framework\base\CApplication.php(185): CWebApplication->processRequest()
#10 C:\xampp\htdocs\TestInovaMedika\index.php(13): CApplication->run()
#11 {main}
REQUEST_URI=/TestInovaMedika/site/login
HTTP_REFERER=http://localhost/TestInovaMedika/
---
2023/08/18 10:31:05 [error] [exception.CHttpException.404] CHttpException: Unable to resolve the request "images/favicon.ico". in C:\xampp\yii\framework\web\CWebApplication.php:286
Stack trace:
#0 C:\xampp\yii\framework\web\CWebApplication.php(141): CWebApplication->runController('images/favicon....')
#1 C:\xampp\yii\framework\base\CApplication.php(185): CWebApplication->processRequest()
#2 C:\xampp\htdocs\TestInovaMedika\index.php(13): CApplication->run()
#3 {main}
REQUEST_URI=/TestInovaMedika/images/favicon.ico
HTTP_REFERER=http://localhost/TestInovaMedika/
---
2023/08/18 10:37:19 [error] [exception.CHttpException.404] CHttpException: Unable to resolve the request "images/favicon.ico". in C:\xampp\yii\framework\web\CWebApplication.php:286
Stack trace:
#0 C:\xampp\yii\framework\web\CWebApplication.php(141): CWebApplication->runController('images/favicon....')
#1 C:\xampp\yii\framework\base\CApplication.php(185): CWebApplication->processRequest()
#2 C:\xampp\htdocs\TestInovaMedika\index.php(13): CApplication->run()
#3 {main}
REQUEST_URI=/TestInovaMedika/images/favicon.ico
HTTP_REFERER=http://localhost/TestInovaMedika/site/login
---
2023/08/18 10:37:24 [error] [exception.CHttpException.404] CHttpException: Unable to resolve the request "images/favicon.ico". in C:\xampp\yii\framework\web\CWebApplication.php:286
Stack trace:
#0 C:\xampp\yii\framework\web\CWebApplication.php(141): CWebApplication->runController('images/favicon....')
#1 C:\xampp\yii\framework\base\CApplication.php(185): CWebApplication->processRequest()
#2 C:\xampp\htdocs\TestInovaMedika\index.php(13): CApplication->run()
#3 {main}
REQUEST_URI=/TestInovaMedika/images/favicon.ico
HTTP_REFERER=http://localhost/TestInovaMedika/site/login
---
2023/08/18 10:37:29 [error] [exception.CHttpException.404] CHttpException: Unable to resolve the request "images/favicon.ico". in C:\xampp\yii\framework\web\CWebApplication.php:286
Stack trace:
#0 C:\xampp\yii\framework\web\CWebApplication.php(141): CWebApplication->runController('images/favicon....')
#1 C:\xampp\yii\framework\base\CApplication.php(185): CWebApplication->processRequest()
#2 C:\xampp\htdocs\TestInovaMedika\index.php(13): CApplication->run()
#3 {main}
REQUEST_URI=/TestInovaMedika/images/favicon.ico
HTTP_REFERER=http://localhost/TestInovaMedika/site/login
---
2023/08/18 10:37:35 [error] [exception.CHttpException.403] CHttpException: You are not authorized to perform this action. in C:\xampp\yii\framework\web\auth\CAccessControlFilter.php:183
Stack trace:
#0 C:\xampp\yii\framework\web\auth\CAccessControlFilter.php(145): CAccessControlFilter->accessDenied(Object(CWebUser), 'You are not aut...')
#1 C:\xampp\yii\framework\web\filters\CFilter.php(38): CAccessControlFilter->preFilter(Object(CFilterChain))
#2 C:\xampp\yii\framework\web\CController.php(1148): CFilter->filter(Object(CFilterChain))
#3 C:\xampp\yii\framework\web\filters\CInlineFilter.php(58): CController->filterAccessControl(Object(CFilterChain))
#4 C:\xampp\yii\framework\web\filters\CFilterChain.php(131): CInlineFilter->filter(Object(CFilterChain))
#5 C:\xampp\yii\framework\web\CController.php(291): CFilterChain->run()
#6 C:\xampp\yii\framework\web\CController.php(265): CController->runActionWithFilters(Object(CInlineAction), Array)
#7 C:\xampp\yii\framework\web\CWebApplication.php(282): CController->run('admin')
#8 C:\xampp\yii\framework\web\CWebApplication.php(141): CWebApplication->runController('obat/admin')
#9 C:\xampp\yii\framework\base\CApplication.php(185): CWebApplication->processRequest()
#10 C:\xampp\htdocs\TestInovaMedika\index.php(13): CApplication->run()
#11 {main}
REQUEST_URI=/TestInovaMedika/obat/admin
HTTP_REFERER=http://localhost/TestInovaMedika/site/login
---
2023/08/18 10:37:54 [error] [exception.CHttpException.403] CHttpException: You are not authorized to perform this action. in C:\xampp\yii\framework\web\auth\CAccessControlFilter.php:183
Stack trace:
#0 C:\xampp\yii\framework\web\auth\CAccessControlFilter.php(145): CAccessControlFilter->accessDenied(Object(CWebUser), 'You are not aut...')
#1 C:\xampp\yii\framework\web\filters\CFilter.php(38): CAccessControlFilter->preFilter(Object(CFilterChain))
#2 C:\xampp\yii\framework\web\CController.php(1148): CFilter->filter(Object(CFilterChain))
#3 C:\xampp\yii\framework\web\filters\CInlineFilter.php(58): CController->filterAccessControl(Object(CFilterChain))
#4 C:\xampp\yii\framework\web\filters\CFilterChain.php(131): CInlineFilter->filter(Object(CFilterChain))
#5 C:\xampp\yii\framework\web\CController.php(291): CFilterChain->run()
#6 C:\xampp\yii\framework\web\CController.php(265): CController->runActionWithFilters(Object(CInlineAction), Array)
#7 C:\xampp\yii\framework\web\CWebApplication.php(282): CController->run('admin')
#8 C:\xampp\yii\framework\web\CWebApplication.php(141): CWebApplication->runController('obat/admin')
#9 C:\xampp\yii\framework\base\CApplication.php(185): CWebApplication->processRequest()
#10 C:\xampp\htdocs\TestInovaMedika\index.php(13): CApplication->run()
#11 {main}
REQUEST_URI=/TestInovaMedika/obat/admin
HTTP_REFERER=http://localhost/TestInovaMedika/obat/index
---
2023/08/18 10:59:22 [error] [php] include(BController.php): Failed to open stream: No such file or directory (C:\xampp\yii\framework\YiiBase.php:463)
Stack trace:
#0 C:\xampp\yii\framework\YiiBase.php(463): include()
#1 C:\xampp\htdocs\TestInovaMedika\protected\components\Controller.php(25): autoload()
#2 C:\xampp\yii\framework\web\CWebApplication.php(281): DashboardController->init()
#3 C:\xampp\yii\framework\web\CWebApplication.php(141): CWebApplication->runController()
#4 C:\xampp\yii\framework\base\CApplication.php(185): CWebApplication->processRequest()
#5 C:\xampp\htdocs\TestInovaMedika\index.php(13): CWebApplication->run()
REQUEST_URI=/TestInovaMedika/
in C:\xampp\htdocs\TestInovaMedika\protected\components\Controller.php (25)
in C:\xampp\htdocs\TestInovaMedika\index.php (13)
2023/08/18 10:59:34 [error] [php] include(BController.php): Failed to open stream: No such file or directory (C:\xampp\yii\framework\YiiBase.php:463)
Stack trace:
#0 C:\xampp\yii\framework\YiiBase.php(463): include()
#1 C:\xampp\htdocs\TestInovaMedika\protected\components\Controller.php(25): autoload()
#2 C:\xampp\yii\framework\web\CWebApplication.php(281): SiteController->init()
#3 C:\xampp\yii\framework\web\CWebApplication.php(141): CWebApplication->runController()
#4 C:\xampp\yii\framework\base\CApplication.php(185): CWebApplication->processRequest()
#5 C:\xampp\htdocs\TestInovaMedika\index.php(13): CWebApplication->run()
REQUEST_URI=/TestInovaMedika/site/
in C:\xampp\htdocs\TestInovaMedika\protected\components\Controller.php (25)
in C:\xampp\htdocs\TestInovaMedika\index.php (13)
2023/08/18 11:01:20 [error] [php] include(BController.php): Failed to open stream: No such file or directory (C:\xampp\yii\framework\YiiBase.php:463)
Stack trace:
#0 C:\xampp\yii\framework\YiiBase.php(463): include()
#1 C:\xampp\htdocs\TestInovaMedika\protected\components\Controller.php(25): autoload()
#2 C:\xampp\yii\framework\web\CWebApplication.php(281): DashboardController->init()
#3 C:\xampp\yii\framework\web\CWebApplication.php(141): CWebApplication->runController()
#4 C:\xampp\yii\framework\base\CApplication.php(185): CWebApplication->processRequest()
#5 C:\xampp\htdocs\TestInovaMedika\index.php(13): CWebApplication->run()
REQUEST_URI=/TestInovaMedika/
in C:\xampp\htdocs\TestInovaMedika\protected\components\Controller.php (25)
in C:\xampp\htdocs\TestInovaMedika\index.php (13)
2023/08/18 11:06:12 [error] [php] include(BController.php): Failed to open stream: No such file or directory (C:\xampp\yii\framework\YiiBase.php:463)
Stack trace:
#0 C:\xampp\yii\framework\YiiBase.php(463): include()
#1 C:\xampp\htdocs\TestInovaMedika\protected\components\Controller.php(25): autoload()
#2 C:\xampp\yii\framework\web\CWebApplication.php(281): DashboardController->init()
#3 C:\xampp\yii\framework\web\CWebApplication.php(141): CWebApplication->runController()
#4 C:\xampp\yii\framework\base\CApplication.php(185): CWebApplication->processRequest()
#5 C:\xampp\htdocs\TestInovaMedika\index.php(13): CWebApplication->run()
REQUEST_URI=/TestInovaMedika/
in C:\xampp\htdocs\TestInovaMedika\protected\components\Controller.php (25)
in C:\xampp\htdocs\TestInovaMedika\index.php (13)
2023/08/18 11:19:11 [error] [exception.CHttpException.403] CHttpException: You are not authorized to perform this action. in C:\xampp\yii\framework\web\auth\CAccessControlFilter.php:183
Stack trace:
#0 C:\xampp\yii\framework\web\auth\CAccessControlFilter.php(145): CAccessControlFilter->accessDenied(Object(CWebUser), 'You are not aut...')
#1 C:\xampp\yii\framework\web\filters\CFilter.php(38): CAccessControlFilter->preFilter(Object(CFilterChain))
#2 C:\xampp\yii\framework\web\CController.php(1148): CFilter->filter(Object(CFilterChain))
#3 C:\xampp\yii\framework\web\filters\CInlineFilter.php(58): CController->filterAccessControl(Object(CFilterChain))
#4 C:\xampp\yii\framework\web\filters\CFilterChain.php(131): CInlineFilter->filter(Object(CFilterChain))
#5 C:\xampp\yii\framework\web\CController.php(291): CFilterChain->run()
#6 C:\xampp\yii\framework\web\CController.php(265): CController->runActionWithFilters(Object(CInlineAction), Array)
#7 C:\xampp\yii\framework\web\CWebApplication.php(282): CController->run('admin')
#8 C:\xampp\yii\framework\web\CWebApplication.php(141): CWebApplication->runController('user/admin')
#9 C:\xampp\yii\framework\base\CApplication.php(185): CWebApplication->processRequest()
#10 C:\xampp\htdocs\TestInovaMedika\index.php(13): CApplication->run()
#11 {main}
REQUEST_URI=/TestInovaMedika/user/admin
HTTP_REFERER=http://localhost/TestInovaMedika/user
---
